584124204487:ENCOLADO ans_dc110722-5bde-45aa-a482-a7b19c59606a
EJECUTANDO:ans_dc110722-5bde-45aa-a482-a7b19c59606a
584124204487:SUCCESS
584124204487:ENCOLADO ans_2eb8a193-d9e7-4864-a6c0-e6b878a6efb4
EJECUTANDO:ans_2eb8a193-d9e7-4864-a6c0-e6b878a6efb4
584124204487:SUCCESS
584124204487:ENCOLADO ans_c4582813-395f-434f-a7b8-f55e1da8aafd
EJECUTANDO:ans_c4582813-395f-434f-a7b8-f55e1da8aafd
584124204487:SUCCESS
584247264765:ENCOLADO ans_dc110722-5bde-45aa-a482-a7b19c59606a
EJECUTANDO:ans_dc110722-5bde-45aa-a482-a7b19c59606a
584247264765:SUCCESS
584247264765:ENCOLADO ans_2eb8a193-d9e7-4864-a6c0-e6b878a6efb4
EJECUTANDO:ans_2eb8a193-d9e7-4864-a6c0-e6b878a6efb4
584247264765:SUCCESS
584247264765:ENCOLADO ans_c4582813-395f-434f-a7b8-f55e1da8aafd
EJECUTANDO:ans_c4582813-395f-434f-a7b8-f55e1da8aafd
584247264765:SUCCESS
584247264765:ENCOLADO ans_fcc1cc73-1b7c-423f-a8e7-44359b896b7d
EJECUTANDO:ans_fcc1cc73-1b7c-423f-a8e7-44359b896b7d
584247264765:SUCCESS
584247264765:ENCOLADO ans_2eb8a193-d9e7-4864-a6c0-e6b878a6efb4
EJECUTANDO:ans_2eb8a193-d9e7-4864-a6c0-e6b878a6efb4
584247264765:SUCCESS
584247264765:ENCOLADO ans_c4582813-395f-434f-a7b8-f55e1da8aafd
EJECUTANDO:ans_c4582813-395f-434f-a7b8-f55e1da8aafd
584247264765:SUCCESS
584124204487:ENCOLADO ans_fcc1cc73-1b7c-423f-a8e7-44359b896b7d
EJECUTANDO:ans_fcc1cc73-1b7c-423f-a8e7-44359b896b7d
584124204487:SUCCESS
584124204487:ENCOLADO ans_dc110722-5bde-45aa-a482-a7b19c59606a
EJECUTANDO:ans_dc110722-5bde-45aa-a482-a7b19c59606a
584124204487:SUCCESS
584124204487:ENCOLADO ans_dc110722-5bde-45aa-a482-a7b19c59606a
EJECUTANDO:ans_dc110722-5bde-45aa-a482-a7b19c59606a
584124204487:SUCCESS
584247264765:ENCOLADO ans_dfa056b6-b783-48c4-acbc-0dd4424c0ff9
EJECUTANDO:ans_dfa056b6-b783-48c4-acbc-0dd4424c0ff9
584247264765:SUCCESS
584124204487:ENCOLADO ans_2eb8a193-d9e7-4864-a6c0-e6b878a6efb4
EJECUTANDO:ans_2eb8a193-d9e7-4864-a6c0-e6b878a6efb4
584124204487:SUCCESS
584124204487:ENCOLADO ans_c4582813-395f-434f-a7b8-f55e1da8aafd
EJECUTANDO:ans_c4582813-395f-434f-a7b8-f55e1da8aafd
584124204487:SUCCESS
584247264765:ENCOLADO ans_fcc1cc73-1b7c-423f-a8e7-44359b896b7d
EJECUTANDO:ans_fcc1cc73-1b7c-423f-a8e7-44359b896b7d
584247264765:SUCCESS
584247264765:ENCOLADO ans_4ecfeebf-23d2-4b4d-80bd-422a7130a38e
EJECUTANDO:ans_4ecfeebf-23d2-4b4d-80bd-422a7130a38e
584247264765:SUCCESS
